<?xml version="1.0" encoding="UTF-8"?>
<!-- Generated by org.testng.reporters.JUnitXMLReporter -->
<testsuite ignored="0" hostname="DESKTOP-9MQS8MJ" failures="0" tests="4" name="Test" time="4.378" errors="0" timestamp="2025-05-17T18:17:56 IST">
  <testcase classname="api.test.UserTests2" name="postUser" time="2.832"/>
  <testcase classname="api.test.UserTests2" name="getUserById" time="0.168"/>
  <testcase classname="api.test.UserTests2" name="updateUser" time="0.128"/>
  <testcase classname="api.test.UserTests2" name="deleteUser" time="0.22"/>
</testsuite> <!-- Test -->
