<?xml version="1.0" encoding="UTF-8"?>
<!-- Generated by org.testng.reporters.JUnitXMLReporter -->
<testsuite ignored="0" hostname="DESKTOP-9MQS8MJ" failures="0" tests="4" name="Test" time="5.16" errors="0" timestamp="2025-05-17T18:34:37 IST">
  <testcase classname="api.test.UserTests2" name="postUser" time="3.585"/>
  <testcase classname="api.test.UserTests2" name="getUserById" time="0.211"/>
  <testcase classname="api.test.UserTests2" name="updateUser" time="0.128"/>
  <testcase classname="api.test.UserTests2" name="deleteUser" time="0.149"/>
</testsuite> <!-- Test -->
