<?xml version="1.0" encoding="UTF-8"?>
<testsuite xmlns:xsi="http://www.w3.org/2001/XMLSchema-instance" xsi:noNamespaceSchemaLocation="https://maven.apache.org/surefire/maven-surefire-plugin/xsd/surefire-test-report.xsd" version="3.0.2" name="TestSuite" time="6.133" tests="4" errors="0" skipped="0" failures="0">
  <properties>
[...]
</properties>
  <testcase name="postUser" classname="api.test.UserTests2" time="3.6">
    <system-out><![CDATA[On start method invoked.....
2025-05-17 18:34:32,376 ERROR appender File has no parameter that matches element Policies
2025-05-17 18:34:32 DEBUG api.test.UserTests2 - debugging
2025-05-17 18:34:32 INFO  api.test.UserTests2 - *****************************Creating Users**************************************
HTTP/1.1 201 Created
Date: Sat, 17 May 2025 13:05:29 GMT
Content-Type: application/json; charset=utf-8
Content-Length: 106
Connection: keep-alive
Cache-Control: max-age=0, private, must-revalidate
Etag: W/"e13acbed37f358b7cba53474c20b546c"
Feature-Policy: camera 'none'; gyroscope 'none'; microphone 'none'; usb 'none'; fullscreen 'self'
Location: https://gorest.co.in/public/v2/users/7897045
Referrer-Policy: strict-origin-when-cross-origin
Vary: Origin
X-Content-Type-Options: nosniff
X-Download-Options: noopen
X-Frame-Options: SAMEORIGIN
X-Permitted-Cross-Domain-Policies: none
X-Ratelimit-Limit: 90
X-Ratelimit-Remaining: 87
X-Ratelimit-Reset: 1
X-Request-Id: 363c1f75-642c-4dfc-821d-93a33a842e9b
X-Runtime: 0.071256
X-Xss-Protection: 0
Cf-Cache-Status: DYNAMIC
Nel: {"report_to":"cf-nel","success_fraction":0.0,"max_age":604800}
Report-To: {"group":"cf-nel","max_age":604800,"endpoints":[{"url":"https://a.nel.cloudflare.com/report/v4?s=jV6bGNxqd4VHClVNujck6vI2ouwUntIWMGfRptCD7UKkQOaniUjC6W1J34qKGCtcRVSFMFNevk4HX%2FlZwSqlnBtL6BBIfA3Mjj4%3D"}]}
Server: cloudflare
CF-RAY: 9413539c3d7b31ab-BOM
alt-svc: h3=":443"; ma=86400

{
    "id": 7897045,
    "name": "Kirby Runte",
    "email": "india.jacobson@example.com",
    "gender": "male",
    "status": "active"
}
2025-05-17 18:34:36 INFO  api.test.UserTests2 - *****************************Users Created Successfully**************************************
Name of the test method successfully excuted postUser
]]></system-out>
    <system-err><![CDATA[SLF4J(W): No SLF4J providers were found.
SLF4J(W): Defaulting to no-operation (NOP) logger implementation
SLF4J(W): See https://www.slf4j.org/codes.html#noProviders for further details.
]]></system-err>
  </testcase>
  <testcase name="getUserById" classname="api.test.UserTests2" time="0.202">
    <system-out><![CDATA[2025-05-17 18:34:36 INFO  api.test.UserTests2 - *****************************Get Users**************************************
HTTP/1.1 200 OK
Date: Sat, 17 May 2025 13:05:30 GMT
Content-Type: application/json; charset=utf-8
Transfer-Encoding: chunked
Connection: keep-alive
Cache-Control: max-age=0, private, must-revalidate
Etag: W/"e13acbed37f358b7cba53474c20b546c"
Feature-Policy: camera 'none'; gyroscope 'none'; microphone 'none'; usb 'none'; fullscreen 'self'
Referrer-Policy: strict-origin-when-cross-origin
Vary: Origin
X-Content-Type-Options: nosniff
X-Download-Options: noopen
X-Frame-Options: SAMEORIGIN
X-Permitted-Cross-Domain-Policies: none
X-Ratelimit-Limit: 90
X-Ratelimit-Remaining: 89
X-Ratelimit-Reset: 1
X-Request-Id: 9313966c-03d5-41ba-bfb9-45f62b094886
X-Runtime: 0.039266
X-Xss-Protection: 0
Cf-Cache-Status: DYNAMIC
Nel: {"report_to":"cf-nel","success_fraction":0.0,"max_age":604800}
Report-To: {"group":"cf-nel","max_age":604800,"endpoints":[{"url":"https://a.nel.cloudflare.com/report/v4?s=1%2BTy2mrfOeIloW5zsHCMcTl%2FhTz%2FDocoAvhmwAt3ID0BWAna7SHiEj46T8vPQldlM5jB%2Be7MuDsqS3Cx%2F96JV%2FavJhbchXX2Mfgcfg%3D%3D"}]}
Content-Encoding: gzip
Server: cloudflare
CF-RAY: 941353a26bbb3c2e-BOM
alt-svc: h3=":443"; ma=86400

{
    "id": 7897045,
    "name": "Kirby Runte",
    "email": "india.jacobson@example.com",
    "gender": "male",
    "status": "active"
}
2025-05-17 18:34:36 INFO  api.test.UserTests2 - *****************************Users Displayed**************************************
Name of the test method successfully excuted getUserById
]]></system-out>
  </testcase>
  <testcase name="updateUser" classname="api.test.UserTests2" time="0.144">
    <system-out><![CDATA[2025-05-17 18:34:36 INFO  api.test.UserTests2 - *****************************Updating Users**************************************
HTTP/1.1 200 OK
Date: Sat, 17 May 2025 13:05:30 GMT
Content-Type: application/json; charset=utf-8
Transfer-Encoding: chunked
Connection: keep-alive
Cache-Control: max-age=0, private, must-revalidate
Etag: W/"607d044a26ea13b2cc4f7b4f0ae526a8"
Feature-Policy: camera 'none'; gyroscope 'none'; microphone 'none'; usb 'none'; fullscreen 'self'
Referrer-Policy: strict-origin-when-cross-origin
Vary: Origin
X-Content-Type-Options: nosniff
X-Download-Options: noopen
X-Frame-Options: SAMEORIGIN
X-Permitted-Cross-Domain-Policies: none
X-Ratelimit-Limit: 90
X-Ratelimit-Remaining: 89
X-Ratelimit-Reset: 2
X-Request-Id: 95272e18-cf55-4c98-9a3f-e4771be6b76c
X-Runtime: 0.050992
X-Xss-Protection: 0
Cf-Cache-Status: DYNAMIC
Nel: {"report_to":"cf-nel","success_fraction":0.0,"max_age":604800}
Report-To: {"group":"cf-nel","max_age":604800,"endpoints":[{"url":"https://a.nel.cloudflare.com/report/v4?s=rzAdXpiqutbrm553YsWF%2BZ9TQWrBor12SYhFU4TbC%2F8tT%2FukAmanZNQQxb1g2UbRmEg%2FnzCq5krQstglTZPKOysh8rU53D6bYmrLcA%3D%3D"}]}
Content-Encoding: gzip
Server: cloudflare
CF-RAY: 941353a33805ffa6-BOM
alt-svc: h3=":443"; ma=86400

{
    "email": "india.jacobson@example.com",
    "name": "Kirby Runte",
    "gender": "male",
    "status": "inactive",
    "id": 7897045
}
2025-05-17 18:34:36 INFO  api.test.UserTests2 - *****************************Users updated**************************************
Name of the test method successfully excuted updateUser
]]></system-out>
  </testcase>
  <testcase name="deleteUser" classname="api.test.UserTests2" time="0.142">
    <system-out><![CDATA[2025-05-17 18:34:36 INFO  api.test.UserTests2 - *****************************Deleting Users**************************************
HTTP/1.1 204 No Content
Date: Sat, 17 May 2025 13:05:30 GMT
Connection: keep-alive
Cache-Control: no-cache
Feature-Policy: camera 'none'; gyroscope 'none'; microphone 'none'; usb 'none'; fullscreen 'self'
Referrer-Policy: strict-origin-when-cross-origin
Vary: Origin
X-Content-Type-Options: nosniff
X-Download-Options: noopen
X-Frame-Options: SAMEORIGIN
X-Permitted-Cross-Domain-Policies: none
X-Ratelimit-Limit: 90
X-Ratelimit-Remaining: 88
X-Ratelimit-Reset: 2
X-Request-Id: 94e5f178-5ede-4bd5-95b3-13735d9159f0
X-Runtime: 0.066863
X-Xss-Protection: 0
Cf-Cache-Status: DYNAMIC
Report-To: {"group":"cf-nel","max_age":604800,"endpoints":[{"url":"https://a.nel.cloudflare.com/report/v4?s=5VSDhoCa1WLZxQFoobiv8eFYLLEvxzs%2FjVKnpUe5bvAr3QJFeENNTQZr03D0mxzH6wujZD%2FJKkboy7Vuf1hlMnDp%2B%2FCdiFy5E%2B2HUQ%3D%3D"}]}
Nel: {"report_to":"cf-nel","success_fraction":0.0,"max_age":604800}
Server: cloudflare
CF-RAY: 941353a41849ff74-BOM
alt-svc: h3=":443"; ma=86400
2025-05-17 18:34:36 INFO  api.test.UserTests2 - *****************************Users deleted**************************************
Name of the test method successfully excuted deleteUser
]]></system-out>
  </testcase>
</testsuite>