<?xml version="1.0" encoding="UTF-8"?>
<testng-results ignored="0" total="4" passed="4" failed="0" skipped="0">
  <reporter-output>
  </reporter-output>
  <suite started-at="2025-05-17T18:17:52 IST" name="Suite" finished-at="2025-05-17T18:17:56 IST" duration-ms="4378">
    <groups>
    </groups>
    <test started-at="2025-05-17T18:17:52 IST" name="Test" finished-at="2025-05-17T18:17:56 IST" duration-ms="4378">
      <class name="api.test.UserTests2">
        <test-method is-config="true" signature="setupData()[pri:0, instance:api.test.UserTests2@37ceb1df]" started-at="2025-05-17T18:17:52 IST" name="setupData" finished-at="2025-05-17T18:17:53 IST" duration-ms="701" status="PASS">
          <reporter-output>
          </reporter-output>
        </test-method> <!-- setupData -->
        <test-method signature="postUser()[pri:1, instance:api.test.UserTests2@37ceb1df]" started-at="2025-05-17T18:17:53 IST" name="postUser" finished-at="2025-05-17T18:17:56 IST" duration-ms="2832" status="PASS">
          <reporter-output>
          </reporter-output>
        </test-method> <!-- postUser -->
        <test-method signature="getUserById()[pri:2, instance:api.test.UserTests2@37ceb1df]" started-at="2025-05-17T18:17:56 IST" name="getUserById" finished-at="2025-05-17T18:17:56 IST" duration-ms="168" status="PASS">
          <reporter-output>
          </reporter-output>
        </test-method> <!-- getUserById -->
        <test-method signature="updateUser()[pri:3, instance:api.test.UserTests2@37ceb1df]" started-at="2025-05-17T18:17:56 IST" name="updateUser" finished-at="2025-05-17T18:17:56 IST" duration-ms="128" status="PASS">
          <reporter-output>
          </reporter-output>
        </test-method> <!-- updateUser -->
        <test-method signature="deleteUser()[pri:4, instance:api.test.UserTests2@37ceb1df]" started-at="2025-05-17T18:17:56 IST" name="deleteUser" finished-at="2025-05-17T18:17:56 IST" duration-ms="220" status="PASS">
          <reporter-output>
          </reporter-output>
        </test-method> <!-- deleteUser -->
      </class> <!-- api.test.UserTests2 -->
    </test> <!-- Test -->
  </suite> <!-- Suite -->
</testng-results>
